#
# A fatal error has been detected by the Java Runtime Environment:
#
#  EXCEPTION_ACCESS_VIOLATION (0xc0000005) at pc=0x00007ff972038b1c, pid=11580, tid=15240
#
# JRE version: OpenJDK Runtime Environment (11.0.8+10) (build 11.0.8+10-b944.6842174)
# Java VM: OpenJDK 64-Bit Server VM (11.0.8+10-b944.6842174, mixed mode, tiered, compressed oops, g1 gc, windows-amd64)
# Problematic frame:
# V  [jvm.dll+0x818b1c]
#
# No core dump will be written. Minidumps are not enabled by default on client versions of Windows
#
# If you would like to submit a bug report, please visit:
#   https://bugreport.java.com/bugreport/crash.jsp
#

---------------  S U M M A R Y ------------

Command Line: --add-opens=java.base/java.util=ALL-UNNAMED --add-opens=java.base/java.lang=ALL-UNNAMED --add-opens=java.base/java.lang.invoke=ALL-UNNAMED --add-opens=java.prefs/java.util.prefs=ALL-UNNAMED -Xmx2048m -Dfile.encoding=UTF-8 -Duser.country=US -Duser.language=en -Duser.variant org.gradle.launcher.daemon.bootstrap.GradleDaemon 6.5

Host: Intel(R) Core(TM) i7-7700HQ CPU @ 2.80GHz, 8 cores, 7G,  Windows 10 , 64 bit Build 19041 (10.0.19041.928)
Time: Sun May 16 18:17:56 2021 GTB Daylight Time elapsed time: 1136 seconds (0d 0h 18m 56s)

---------------  T H R E A D  ---------------

Current thread (0x000001d4c01c2800):  GCTaskThread "GC Thread#7" [stack: 0x0000007044300000,0x0000007044400000] [id=15240]

Stack: [0x0000007044300000,0x0000007044400000],  sp=0x00000070443ff7a8,  free space=1021k
Native frames: (J=compiled Java code, j=interpreted, Vv=VM code, C=native code)
V  [jvm.dll+0x818b1c]


siginfo: EXCEPTION_ACCESS_VIOLATION (0xc0000005), data execution prevention violation at address 0x00007ff972038b1c


Register to memory mapping:

RIP=0x00007ff972038b1c jvm.dll
RAX=0x00000000000001d4 is an unknown value
RBX=0x0000000084d70c40 is an oop: 
[error occurred during error reporting (printing register info), id 0xc0000005, EXCEPTION_ACCESS_VIOLATION (0xc0000005) at pc=0x00007ff971debc7d]

Registers:
RAX=0x00000000000001d4, RBX=0x0000000084d70c40, RCX=0x00000070443ffac0, RDX=0x0000000084d70c40
RSP=0x00000070443ff7a8, RBP=0x00000070443ffac0, RSI=0x0000000084d70e00, RDI=0x0000000084d70cd0
R8 =0x000000010020c4f0, R9 =0x00007ff971820000, R10=0x000001d4a2ffdbc0, R11=0x000001d4a3075ce0
R12=0x00000070443ff850, R13=0x000001d4a2ffdbc0, R14=0x000001d4a3075ce0, R15=0x0000000084d70c00
RIP=0x00007ff972038b1c, EFLAGS=0x0000000000010206

Top of Stack: (sp=0x00000070443ff7a8)
0x00000070443ff7a8:   00007ff971b28cdc 00000070443ffac0
0x00000070443ff7b8:   0000000084d70e00 00000070443ffac0
0x00000070443ff7c8:   0000000084d70e00 00000002a59b82ae
0x00000070443ff7d8:   0000000000000000 00000070443ff910
0x00000070443ff7e8:   00007ff971b6a763 0000000000000040
0x00000070443ff7f8:   0000000000000040 0000000000000268
0x00000070443ff808:   0000000084d70c00 00000070443ffa20
0x00000070443ff818:   00007ff971b2acef 0000000000000012
0x00000070443ff828:   0000000000000475 0000000000000440
0x00000070443ff838:   0000000000000260 0000000084d70c00
0x00000070443ff848:   0000000000000040 0000000084d70c00
0x00000070443ff858:   0000000000000040 000001d4a3079ad0
0x00000070443ff868:   000001d4a3079b78 000001d4a2fd0ef0
0x00000070443ff878:   000001d4a2fc5a10 0000000000000457
0x00000070443ff888:   0000000000000000 000000000000001f
0x00000070443ff898:   00007ff900000001 0000000000026800 

Instructions: (pc=0x00007ff972038b1c)
0x00007ff972038a1c:   75 6d 70 20 66 69 6c 65 2e 20 20 48 65 61 70 44
0x00007ff972038a2c:   75 6d 70 50 61 74 68 20 69 73 20 74 6f 6f 20 6c
0x00007ff972038a3c:   6f 6e 67 2e 00 00 00 00 25 73 25 64 25 73 00 00
0x00007ff972038a4c:   00 00 00 00 43 61 6e 6e 6f 74 20 63 72 65 61 74
0x00007ff972038a5c:   65 20 68 65 61 70 20 64 75 6d 70 20 66 69 6c 65
0x00007ff972038a6c:   2e 20 20 4f 75 74 20 6f 66 20 73 79 73 74 65 6d
0x00007ff972038a7c:   20 6d 65 6d 6f 72 79 2e 00 00 00 00 25 73 2e 25
0x00007ff972038a8c:   64 00 00 00 43 6f 6e 73 74 4d 65 74 68 6f 64 00
0x00007ff972038a9c:   00 00 00 00 4d 65 74 68 6f 64 44 61 74 61 00 00
0x00007ff972038aac:   00 00 00 00 49 6e 73 74 53 69 7a 65 00 00 00 00
0x00007ff972038abc:   00 00 00 00 49 6e 73 74 43 6f 75 6e 74 00 00 00
0x00007ff972038acc:   00 00 00 00 49 6e 73 74 42 79 74 65 73 00 00 00
0x00007ff972038adc:   4d 69 72 72 6f 72 00 00 00 00 00 00 4b 6c 61 73
0x00007ff972038aec:   73 42 79 74 65 73 00 00 00 00 00 00 4b 5f 73 65
0x00007ff972038afc:   63 6f 6e 64 61 72 79 5f 73 75 70 65 72 73 00 00
0x00007ff972038b0c:   56 54 61 62 00 00 00 00 49 54 61 62 00 00 00 00
0x00007ff972038b1c:   4f 6f 70 4d 61 70 00 00 00 00 00 00 49 4b 5f 6d
0x00007ff972038b2c:   65 74 68 6f 64 73 00 00 00 00 00 00 49 4b 5f 6d
0x00007ff972038b3c:   65 74 68 6f 64 5f 6f 72 64 65 72 69 6e 67 00 00
0x00007ff972038b4c:   00 00 00 00 49 4b 5f 64 65 66 61 75 6c 74 5f 6d
0x00007ff972038b5c:   65 74 68 6f 64 73 00 00 00 00 00 00 49 4b 5f 64
0x00007ff972038b6c:   65 66 61 75 6c 74 5f 76 74 61 62 6c 65 5f 69 6e
0x00007ff972038b7c:   64 69 63 65 73 00 00 00 00 00 00 00 49 4b 5f 6c
0x00007ff972038b8c:   6f 63 61 6c 5f 69 6e 74 65 72 66 61 63 65 73 00
0x00007ff972038b9c:   00 00 00 00 49 4b 5f 74 72 61 6e 73 69 74 69 76
0x00007ff972038bac:   65 5f 69 6e 74 65 72 66 61 63 65 73 00 00 00 00
0x00007ff972038bbc:   00 00 00 00 49 4b 5f 66 69 65 6c 64 73 00 00 00
0x00007ff972038bcc:   00 00 00 00 49 4b 5f 69 6e 6e 65 72 5f 63 6c 61
0x00007ff972038bdc:   73 73 65 73 00 00 00 00 00 00 00 00 49 4b 5f 6e
0x00007ff972038bec:   65 73 74 5f 6d 65 6d 62 65 72 73 00 49 4b 5f 73
0x00007ff972038bfc:   69 67 6e 65 72 73 00 00 00 00 00 00 63 6c 61 73
0x00007ff972038c0c:   73 5f 61 6e 6e 6f 74 61 74 69 6f 6e 73 00 00 00 


Stack slot to memory mapping:
stack at sp + 0 slots: 0x00007ff971b28cdc jvm.dll
stack at sp + 1 slots: 0x00000070443ffac0 points into unknown readable memory: e8 2c 03 72 f9 7f 00 00
stack at sp + 2 slots: 0x0000000084d70e00 is an oop: java.lang.String 
{0x0000000084d70e00} - klass: 'java/lang/String'
stack at sp + 3 slots: 0x00000070443ffac0 points into unknown readable memory: e8 2c 03 72 f9 7f 00 00
stack at sp + 4 slots: 0x0000000084d70e00 is an oop: java.lang.String 
{0x0000000084d70e00} - klass: 'java/lang/String'
stack at sp + 5 slots: 0x00000002a59b82ae is an unknown value
stack at sp + 6 slots: 0x0 is NULL
stack at sp + 7 slots: 0x00000070443ff910 points into unknown readable memory: 86 6b 02 00 00 00 00 00


---------------  P R O C E S S  ---------------

Threads class SMR info:
_java_thread_list=0x000001d4be75a470, length=53, elements={
0x000001d4a2fb8800, 0x000001d4bda93000, 0x000001d4bda9d000, 0x000001d4bdaa6800,
0x000001d4bdaa7800, 0x000001d4bdaa8800, 0x000001d4bdaad800, 0x000001d4bdabd000,
0x000001d4be567800, 0x000001d4be57a000, 0x000001d4bf5c7800, 0x000001d4bf3df800,
0x000001d4bf666800, 0x000001d4bff3d000, 0x000001d4bff38800, 0x000001d4bff38000,
0x000001d4bff3c000, 0x000001d4c54a6800, 0x000001d4c0985800, 0x000001d4c2436000,
0x000001d4c097d800, 0x000001d4c0981800, 0x000001d4c097f000, 0x000001d4c0983000,
0x000001d4c0980000, 0x000001d4c0984000, 0x000001d4c0981000, 0x000001d4c097e800,
0x000001d4c0988000, 0x000001d4c0986800, 0x000001d4c0982800, 0x000001d4c0987800,
0x000001d4c098a800, 0x000001d4c0989000, 0x000001d4c0985000, 0x000001d4c098b800,
0x000001d4c098c000, 0x000001d4c2432000, 0x000001d4c242f800, 0x000001d4c2431000,
0x000001d4c2430800, 0x000001d4c2435800, 0x000001d4c2437800, 0x000001d4c2438800,
0x000001d4c2433000, 0x000001d4c2437000, 0x000001d4c2439800, 0x000001d4c2433800,
0x000001d4c243a000, 0x000001d4c2434800, 0x000001d4c243c800, 0x000001d4c243b000,
0x000001d4c243e000
}

Java Threads: ( => current thread )
  0x000001d4a2fb8800 JavaThread "main" [_thread_blocked, id=348, stack(0x0000007041f00000,0x0000007042000000)]
  0x000001d4bda93000 JavaThread "Reference Handler" daemon [_thread_blocked, id=1996, stack(0x0000007042600000,0x0000007042700000)]
  0x000001d4bda9d000 JavaThread "Finalizer" daemon [_thread_blocked, id=13408, stack(0x0000007042700000,0x0000007042800000)]
  0x000001d4bdaa6800 JavaThread "Signal Dispatcher" daemon [_thread_blocked, id=10720, stack(0x0000007042800000,0x0000007042900000)]
  0x000001d4bdaa7800 JavaThread "Attach Listener" daemon [_thread_blocked, id=14700, stack(0x0000007042900000,0x0000007042a00000)]
  0x000001d4bdaa8800 JavaThread "C2 CompilerThread0" daemon [_thread_blocked, id=2964, stack(0x0000007042a00000,0x0000007042b00000)]
  0x000001d4bdaad800 JavaThread "C1 CompilerThread0" daemon [_thread_blocked, id=11212, stack(0x0000007042b00000,0x0000007042c00000)]
  0x000001d4bdabd000 JavaThread "Sweeper thread" daemon [_thread_blocked, id=5148, stack(0x0000007042c00000,0x0000007042d00000)]
  0x000001d4be567800 JavaThread "Common-Cleaner" daemon [_thread_blocked, id=9300, stack(0x0000007042d00000,0x0000007042e00000)]
  0x000001d4be57a000 JavaThread "Service Thread" daemon [_thread_blocked, id=10340, stack(0x0000007042e00000,0x0000007042f00000)]
  0x000001d4bf5c7800 JavaThread "Daemon health stats" [_thread_blocked, id=2696, stack(0x0000007043200000,0x0000007043300000)]
  0x000001d4bf3df800 JavaThread "Incoming local TCP Connector on port 50852" [_thread_in_native, id=8408, stack(0x0000007043500000,0x0000007043600000)]
  0x000001d4bf666800 JavaThread "Daemon periodic checks" [_thread_blocked, id=1812, stack(0x0000007043600000,0x0000007043700000)]
  0x000001d4bff3d000 JavaThread "Cache worker for journal cache (C:\Users\DobriN\.gradle\caches\journal-1)" [_thread_blocked, id=1948, stack(0x0000007043e00000,0x0000007043f00000)]
  0x000001d4bff38800 JavaThread "File lock request listener" [_thread_in_native, id=8420, stack(0x0000007044400000,0x0000007044500000)]
  0x000001d4bff38000 JavaThread "Cache worker for file hash cache (C:\Users\DobriN\.gradle\caches\6.5\fileHashes)" [_thread_blocked, id=6872, stack(0x0000007044500000,0x0000007044600000)]
  0x000001d4bff3c000 JavaThread "Cache worker for execution history cache (C:\Users\DobriN\.gradle\caches\6.5\executionHistory)" [_thread_blocked, id=11856, stack(0x0000007044d00000,0x0000007044e00000)]
  0x000001d4c54a6800 JavaThread "Cache worker for file content cache (C:\Users\DobriN\.gradle\caches\6.5\fileContent)" [_thread_blocked, id=7172, stack(0x0000007044f00000,0x0000007045000000)]
  0x000001d4c0985800 JavaThread "Memory manager" [_thread_blocked, id=2928, stack(0x000000704b700000,0x000000704b800000)]
  0x000001d4c2436000 JavaThread "ForkJoinPool.commonPool-worker-3" daemon [_thread_blocked, id=12352, stack(0x000000704c400000,0x000000704c500000)]
  0x000001d4c097d800 JavaThread "Daemon Thread 3" [_thread_blocked, id=8248, stack(0x0000007041c00000,0x0000007041d00000)]
  0x000001d4c0981800 JavaThread "Handler for socket connection from /127.0.0.1:50852 to /127.0.0.1:51470" [_thread_in_native, id=11940, stack(0x0000007041d00000,0x0000007041e00000)]
  0x000001d4c097f000 JavaThread "Cancel handler" [_thread_blocked, id=8208, stack(0x0000007041e00000,0x0000007041f00000)]
  0x000001d4c0983000 JavaThread "Daemon worker Thread 3" [_thread_blocked, id=4068, stack(0x0000007043300000,0x0000007043400000)]
  0x000001d4c0980000 JavaThread "Asynchronous log dispatcher for DefaultDaemonConnection: socket connection from /127.0.0.1:50852 to /127.0.0.1:51470" [_thread_blocked, id=11524, stack(0x0000007043400000,0x0000007043500000)]
  0x000001d4c0984000 JavaThread "Stdin handler" [_thread_blocked, id=13680, stack(0x0000007043700000,0x0000007043800000)]
  0x000001d4c0981000 JavaThread "Thread-266" [_thread_blocked, id=5780, stack(0x0000007043800000,0x0000007043900000)]
  0x000001d4c097e800 JavaThread "Cache worker for file hash cache (C:\Users\DobriN\Desktop\faculte\Coveeed19App_v1\.gradle\6.5\fileHashes)" [_thread_blocked, id=9724, stack(0x0000007043900000,0x0000007043a00000)]
  0x000001d4c0988000 JavaThread "jar transforms Thread 189" [_thread_blocked, id=8096, stack(0x0000007043a00000,0x0000007043b00000)]
  0x000001d4c0986800 JavaThread "jar transforms Thread 190" [_thread_blocked, id=11608, stack(0x0000007043b00000,0x0000007043c00000)]
  0x000001d4c0982800 JavaThread "jar transforms Thread 191" [_thread_blocked, id=14800, stack(0x0000007043c00000,0x0000007043d00000)]
  0x000001d4c0987800 JavaThread "jar transforms Thread 192" [_thread_blocked, id=12572, stack(0x0000007043d00000,0x0000007043e00000)]
  0x000001d4c098a800 JavaThread "jar transforms Thread 193" [_thread_blocked, id=11396, stack(0x0000007044700000,0x0000007044800000)]
  0x000001d4c0989000 JavaThread "jar transforms Thread 194" [_thread_blocked, id=4648, stack(0x0000007044800000,0x0000007044900000)]
  0x000001d4c0985000 JavaThread "jar transforms Thread 195" [_thread_blocked, id=6644, stack(0x0000007044a00000,0x0000007044b00000)]
  0x000001d4c098b800 JavaThread "jar transforms Thread 196" [_thread_blocked, id=12444, stack(0x0000007044b00000,0x0000007044c00000)]
  0x000001d4c098c000 JavaThread "jar transforms Thread 197" [_thread_blocked, id=3604, stack(0x0000007044c00000,0x0000007044d00000)]
  0x000001d4c2432000 JavaThread "jar transforms Thread 198" [_thread_blocked, id=3116, stack(0x0000007044e00000,0x0000007044f00000)]
  0x000001d4c242f800 JavaThread "jar transforms Thread 199" [_thread_blocked, id=12172, stack(0x0000007045000000,0x0000007045100000)]
  0x000001d4c2431000 JavaThread "jar transforms Thread 200" [_thread_blocked, id=11328, stack(0x0000007045100000,0x0000007045200000)]
  0x000001d4c2430800 JavaThread "jar transforms Thread 201" [_thread_blocked, id=14224, stack(0x0000007045200000,0x0000007045300000)]
  0x000001d4c2435800 JavaThread "jar transforms Thread 202" [_thread_blocked, id=8772, stack(0x0000007045300000,0x0000007045400000)]
  0x000001d4c2437800 JavaThread "jar transforms Thread 203" [_thread_blocked, id=13732, stack(0x0000007045400000,0x0000007045500000)]
  0x000001d4c2438800 JavaThread "jar transforms Thread 204" [_thread_blocked, id=8172, stack(0x0000007045500000,0x0000007045600000)]
  0x000001d4c2433000 JavaThread "jar transforms Thread 205" [_thread_blocked, id=8812, stack(0x0000007045600000,0x0000007045700000)]
  0x000001d4c2437000 JavaThread "jar transforms Thread 206" [_thread_blocked, id=15040, stack(0x0000007045700000,0x0000007045800000)]
  0x000001d4c2439800 JavaThread "jar transforms Thread 207" [_thread_blocked, id=1836, stack(0x0000007045800000,0x0000007045900000)]
  0x000001d4c2433800 JavaThread "jar transforms Thread 208" [_thread_blocked, id=11300, stack(0x0000007045900000,0x0000007045a00000)]
  0x000001d4c243a000 JavaThread "jar transforms Thread 209" [_thread_blocked, id=2212, stack(0x0000007045a00000,0x0000007045b00000)]
  0x000001d4c2434800 JavaThread "Cache worker for checksums cache (C:\Users\DobriN\Desktop\faculte\Coveeed19App_v1\.gradle\checksums)" [_thread_blocked, id=13200, stack(0x0000007044900000,0x0000007044a00000)]
  0x000001d4c243c800 JavaThread "Cache worker for cache directory md-supplier (C:\Users\DobriN\.gradle\caches\6.5\md-supplier)" [_thread_blocked, id=1764, stack(0x0000007045b00000,0x0000007045c00000)]
  0x000001d4c243b000 JavaThread "Cache worker for cache directory md-rule (C:\Users\DobriN\.gradle\caches\6.5\md-rule)" [_thread_blocked, id=2548, stack(0x0000007045c00000,0x0000007045d00000)]
  0x000001d4c243e000 JavaThread "C2 CompilerThread1" daemon [_thread_blocked, id=13028, stack(0x0000007045d00000,0x0000007045e00000)]

Other Threads:
  0x000001d4bda8e800 VMThread "VM Thread" [stack: 0x0000007042500000,0x0000007042600000] [id=11960]
  0x000001d4be57b000 WatcherThread [stack: 0x0000007042f00000,0x0000007043000000] [id=3612]
  0x000001d4a2fd0000 GCTaskThread "GC Thread#0" [stack: 0x0000007042000000,0x0000007042100000] [id=11196]
  0x000001d4bf0e0800 GCTaskThread "GC Thread#1" [stack: 0x0000007043000000,0x0000007043100000] [id=6096]
  0x000001d4bee35000 GCTaskThread "GC Thread#2" [stack: 0x0000007043100000,0x0000007043200000] [id=5544]
  0x000001d4c021c800 GCTaskThread "GC Thread#3" [stack: 0x0000007043f00000,0x0000007044000000] [id=10668]
  0x000001d4bee61800 GCTaskThread "GC Thread#4" [stack: 0x0000007044000000,0x0000007044100000] [id=6176]
  0x000001d4c0494000 GCTaskThread "GC Thread#5" [stack: 0x0000007044100000,0x0000007044200000] [id=12448]
  0x000001d4c0487000 GCTaskThread "GC Thread#6" [stack: 0x0000007044200000,0x0000007044300000] [id=2952]
=>0x000001d4c01c2800 GCTaskThread "GC Thread#7" [stack: 0x0000007044300000,0x0000007044400000] [id=15240]
  0x000001d4a3006800 ConcurrentGCThread "G1 Main Marker" [stack: 0x0000007042100000,0x0000007042200000] [id=8736]
  0x000001d4a3008000 ConcurrentGCThread "G1 Conc#0" [stack: 0x0000007042200000,0x0000007042300000] [id=10504]
  0x000001d4c07ab800 ConcurrentGCThread "G1 Conc#1" [stack: 0x0000007044600000,0x0000007044700000] [id=13568]
  0x000001d4bd8e0800 ConcurrentGCThread "G1 Refine#0" [stack: 0x0000007042300000,0x0000007042400000] [id=15120]
  0x000001d4c43ca800 ConcurrentGCThread "G1 Refine#1" [stack: 0x000000704b400000,0x000000704b500000] [id=13380]
  0x000001d4bd8e1800 ConcurrentGCThread "G1 Young RemSet Sampling" [stack: 0x0000007042400000,0x0000007042500000] [id=10172]

Threads with active compile tasks:
C1 CompilerThread01136904 12562   !   3       org.codehaus.groovy.antlr.parser.GroovyLexer::nextToken (2683 bytes)

VM state:at safepoint (normal execution)

VM Mutex/Monitor currently owned by a thread:  ([mutex/lock_event])
[0x000001d4a2fb4cd0] Threads_lock - owner thread: 0x000001d4bda8e800
[0x000001d4a2fb5c00] Heap_lock - owner thread: 0x000001d4c0983000

Heap address: 0x0000000080000000, size: 2048 MB, Compressed Oops mode: 32-bit
Narrow klass base: 0x0000000000000000, Narrow klass shift: 3
Compressed class space size: 1073741824 Address: 0x0000000100000000

Heap:
 garbage-first heap   total 157696K, used 99561K [0x0000000080000000, 0x0000000100000000)
  region size 1024K, 3 young (3072K), 1 survivors (1024K)
 Metaspace       used 88931K, capacity 91307K, committed 91564K, reserved 1128448K
  class space    used 11111K, capacity 11919K, committed 12032K, reserved 1048576K
Heap Regions: E=young(eden), S=young(survivor), O=old, HS=humongous(starts), HC=humongous(continues), CS=collection set, F=free, A=archive, TAMS=top-at-mark-start (previous, next)
|   0|0x0000000080000000, 0x0000000080100000, 0x0000000080100000|100%|HS|  |TAMS 0x0000000080100000, 0x0000000080000000| Complete 
|   1|0x0000000080100000, 0x0000000080200000, 0x0000000080200000|100%| O|  |TAMS 0x0000000080200000, 0x0000000080100000| Untracked 
|   2|0x0000000080200000, 0x0000000080300000, 0x0000000080300000|100%| O|  |TAMS 0x0000000080300000, 0x0000000080200000| Untracked 
|   3|0x0000000080300000, 0x0000000080400000, 0x0000000080400000|100%|HS|  |TAMS 0x0000000080400000, 0x0000000080300000| Complete 
|   4|0x0000000080400000, 0x0000000080500000, 0x0000000080500000|100%|HC|  |TAMS 0x0000000080500000, 0x0000000080400000| Complete 
|   5|0x0000000080500000, 0x0000000080600000, 0x0000000080600000|100%|HC|  |TAMS 0x0000000080600000, 0x0000000080500000| Complete 
|   6|0x0000000080600000, 0x0000000080700000, 0x0000000080700000|100%| O|  |TAMS 0x0000000080700000, 0x0000000080600000| Untracked 
|   7|0x0000000080700000, 0x0000000080800000, 0x0000000080800000|100%| O|  |TAMS 0x0000000080800000, 0x0000000080700000| Untracked 
|   8|0x0000000080800000, 0x0000000080900000, 0x0000000080900000|100%| O|  |TAMS 0x0000000080900000, 0x0000000080800000| Untracked 
|   9|0x0000000080900000, 0x0000000080a00000, 0x0000000080a00000|100%| O|  |TAMS 0x0000000080a00000, 0x0000000080900000| Untracked 
|  10|0x0000000080a00000, 0x0000000080b00000, 0x0000000080b00000|100%| O|  |TAMS 0x0000000080b00000, 0x0000000080a00000| Untracked 
|  11|0x0000000080b00000, 0x0000000080c00000, 0x0000000080c00000|100%| O|  |TAMS 0x0000000080c00000, 0x0000000080b00000| Untracked 
|  12|0x0000000080c00000, 0x0000000080d00000, 0x0000000080d00000|100%| O|  |TAMS 0x0000000080d00000, 0x0000000080c00000| Untracked 
|  13|0x0000000080d00000, 0x0000000080e00000, 0x0000000080e00000|100%| O|  |TAMS 0x0000000080e00000, 0x0000000080d00000| Untracked 
|  14|0x0000000080e00000, 0x0000000080f00000, 0x0000000080f00000|100%| O|  |TAMS 0x0000000080f00000, 0x0000000080e00000| Untracked 
|  15|0x0000000080f00000, 0x0000000081000000, 0x0000000081000000|100%| O|  |TAMS 0x0000000081000000, 0x0000000080f00000| Untracked 
|  16|0x0000000081000000, 0x0000000081100000, 0x0000000081100000|100%|HS|  |TAMS 0x0000000081100000, 0x0000000081000000| Complete 
|  17|0x0000000081100000, 0x0000000081200000, 0x0000000081200000|100%|HC|  |TAMS 0x0000000081200000, 0x0000000081100000| Complete 
|  18|0x0000000081200000, 0x0000000081300000, 0x0000000081300000|100%| O|  |TAMS 0x0000000081300000, 0x0000000081200000| Untracked 
|  19|0x0000000081300000, 0x0000000081400000, 0x0000000081400000|100%| O|  |TAMS 0x0000000081400000, 0x0000000081300000| Complete 
|  20|0x0000000081400000, 0x0000000081500000, 0x0000000081500000|100%| O|  |TAMS 0x0000000081500000, 0x0000000081400000| Untracked 
|  21|0x0000000081500000, 0x0000000081600000, 0x0000000081600000|100%| O|  |TAMS 0x0000000081600000, 0x0000000081500000| Untracked 
|  22|0x0000000081600000, 0x0000000081700000, 0x0000000081700000|100%| O|  |TAMS 0x0000000081700000, 0x0000000081600000| Complete 
|  23|0x0000000081700000, 0x0000000081800000, 0x0000000081800000|100%| O|  |TAMS 0x0000000081800000, 0x0000000081700000| Untracked 
|  24|0x0000000081800000, 0x0000000081900000, 0x0000000081900000|100%| O|  |TAMS 0x0000000081900000, 0x0000000081800000| Untracked 
|  25|0x0000000081900000, 0x0000000081a00000, 0x0000000081a00000|100%| O|  |TAMS 0x0000000081a00000, 0x0000000081900000| Untracked 
|  26|0x0000000081a00000, 0x0000000081b00000, 0x0000000081b00000|100%| O|  |TAMS 0x0000000081b00000, 0x0000000081a00000| Untracked 
|  27|0x0000000081b00000, 0x0000000081c00000, 0x0000000081c00000|100%| O|  |TAMS 0x0000000081c00000, 0x0000000081b00000| Complete 
|  28|0x0000000081c00000, 0x0000000081d00000, 0x0000000081d00000|100%| O|  |TAMS 0x0000000081d00000, 0x0000000081c00000| Untracked 
|  29|0x0000000081d00000, 0x0000000081e00000, 0x0000000081e00000|100%| O|  |TAMS 0x0000000081e00000, 0x0000000081d00000| Untracked 
|  30|0x0000000081e00000, 0x0000000081f00000, 0x0000000081f00000|100%| O|  |TAMS 0x0000000081f00000, 0x0000000081e00000| Complete 
|  31|0x0000000081f00000, 0x0000000082000000, 0x0000000082000000|100%| O|  |TAMS 0x0000000082000000, 0x0000000081f00000| Complete 
|  32|0x0000000082000000, 0x0000000082100000, 0x0000000082100000|100%| O|  |TAMS 0x0000000082100000, 0x0000000082000000| Untracked 
|  33|0x0000000082100000, 0x0000000082200000, 0x0000000082200000|100%| O|  |TAMS 0x0000000082200000, 0x0000000082100000| Untracked 
|  34|0x0000000082200000, 0x0000000082300000, 0x0000000082300000|100%| O|  |TAMS 0x0000000082300000, 0x0000000082200000| Complete 
|  35|0x0000000082300000, 0x0000000082400000, 0x0000000082400000|100%| O|  |TAMS 0x0000000082400000, 0x0000000082300000| Untracked 
|  36|0x0000000082400000, 0x0000000082500000, 0x0000000082500000|100%| O|  |TAMS 0x0000000082500000, 0x0000000082400000| Untracked 
|  37|0x0000000082500000, 0x0000000082600000, 0x0000000082600000|100%| O|  |TAMS 0x0000000082600000, 0x0000000082500000| Untracked 
|  38|0x0000000082600000, 0x0000000082700000, 0x0000000082700000|100%| O|  |TAMS 0x0000000082700000, 0x0000000082600000| Untracked 
|  39|0x0000000082700000, 0x0000000082800000, 0x0000000082800000|100%| O|  |TAMS 0x0000000082800000, 0x0000000082700000| Untracked 
|  40|0x0000000082800000, 0x0000000082900000, 0x0000000082900000|100%| O|  |TAMS 0x0000000082900000, 0x0000000082800000| Complete 
|  41|0x0000000082900000, 0x0000000082a00000, 0x0000000082a00000|100%| O|  |TAMS 0x0000000082a00000, 0x0000000082900000| Complete 
|  42|0x0000000082a00000, 0x0000000082b00000, 0x0000000082b00000|100%| O|  |TAMS 0x0000000082b00000, 0x0000000082a00000| Untracked 
|  43|0x0000000082b00000, 0x0000000082c00000, 0x0000000082c00000|100%| O|  |TAMS 0x0000000082c00000, 0x0000000082b00000| Untracked 
|  44|0x0000000082c00000, 0x0000000082d00000, 0x0000000082d00000|100%| O|  |TAMS 0x0000000082d00000, 0x0000000082c00000| Untracked 
|  45|0x0000000082d00000, 0x0000000082e00000, 0x0000000082e00000|100%| O|  |TAMS 0x0000000082e00000, 0x0000000082d00000| Complete 
|  46|0x0000000082e00000, 0x0000000082f00000, 0x0000000082f00000|100%| O|  |TAMS 0x0000000082f00000, 0x0000000082e00000| Untracked 
|  47|0x0000000082f00000, 0x0000000083000000, 0x0000000083000000|100%| O|  |TAMS 0x0000000083000000, 0x0000000082f00000| Complete 
|  48|0x0000000083000000, 0x0000000083100000, 0x0000000083100000|100%| O|  |TAMS 0x0000000083100000, 0x0000000083000000| Complete 
|  49|0x0000000083100000, 0x0000000083200000, 0x0000000083200000|100%| O|CS|TAMS 0x0000000083200000, 0x0000000083100000| Complete 
|  50|0x0000000083200000, 0x0000000083300000, 0x0000000083300000|100%| O|  |TAMS 0x0000000083300000, 0x0000000083200000| Complete 
|  51|0x0000000083300000, 0x0000000083400000, 0x0000000083400000|100%| O|  |TAMS 0x0000000083400000, 0x0000000083300000| Untracked 
|  52|0x0000000083400000, 0x0000000083500000, 0x0000000083500000|100%| O|  |TAMS 0x0000000083500000, 0x0000000083400000| Untracked 
|  53|0x0000000083500000, 0x0000000083600000, 0x0000000083600000|100%| O|  |TAMS 0x0000000083600000, 0x0000000083500000| Complete 
|  54|0x0000000083600000, 0x0000000083700000, 0x0000000083700000|100%| O|  |TAMS 0x0000000083700000, 0x0000000083600000| Complete 
|  55|0x0000000083700000, 0x0000000083800000, 0x0000000083800000|100%| O|  |TAMS 0x0000000083800000, 0x0000000083700000| Complete 
|  56|0x0000000083800000, 0x0000000083900000, 0x0000000083900000|100%| O|  |TAMS 0x0000000083900000, 0x0000000083800000| Complete 
|  57|0x0000000083900000, 0x0000000083a00000, 0x0000000083a00000|100%| O|  |TAMS 0x0000000083a00000, 0x0000000083900000| Complete 
|  58|0x0000000083a00000, 0x0000000083b00000, 0x0000000083b00000|100%| O|CS|TAMS 0x0000000083b00000, 0x0000000083a00000| Complete 
|  59|0x0000000083b00000, 0x0000000083c00000, 0x0000000083c00000|100%| O|  |TAMS 0x0000000083c00000, 0x0000000083b00000| Complete 
|  60|0x0000000083c00000, 0x0000000083d00000, 0x0000000083d00000|100%| O|CS|TAMS 0x0000000083d00000, 0x0000000083c00000| Complete 
|  61|0x0000000083d00000, 0x0000000083e00000, 0x0000000083e00000|100%| O|CS|TAMS 0x0000000083e00000, 0x0000000083d00000| Complete 
|  62|0x0000000083e00000, 0x0000000083f00000, 0x0000000083f00000|100%| O|CS|TAMS 0x0000000083f00000, 0x0000000083e00000| Complete 
|  63|0x0000000083f00000, 0x0000000084000000, 0x0000000084000000|100%| O|  |TAMS 0x0000000084000000, 0x0000000083f00000| Complete 
|  64|0x0000000084000000, 0x0000000084100000, 0x0000000084100000|100%| O|CS|TAMS 0x0000000084100000, 0x0000000084000000| Complete 
|  65|0x0000000084100000, 0x0000000084200000, 0x0000000084200000|100%| O|CS|TAMS 0x0000000084200000, 0x0000000084100000| Complete 
|  66|0x0000000084200000, 0x0000000084300000, 0x0000000084300000|100%| O|  |TAMS 0x0000000084300000, 0x0000000084200000| Complete 
|  67|0x0000000084300000, 0x0000000084400000, 0x0000000084400000|100%| O|CS|TAMS 0x0000000084400000, 0x0000000084300000| Complete 
|  68|0x0000000084400000, 0x0000000084500000, 0x0000000084500000|100%| O|  |TAMS 0x0000000084500000, 0x0000000084400000| Complete 
|  69|0x0000000084500000, 0x0000000084600000, 0x0000000084600000|100%| O|  |TAMS 0x0000000084600000, 0x0000000084500000| Complete 
|  70|0x0000000084600000, 0x0000000084700000, 0x0000000084700000|100%| O|CS|TAMS 0x0000000084700000, 0x0000000084600000| Complete 
|  71|0x0000000084700000, 0x0000000084800000, 0x0000000084800000|100%| O|CS|TAMS 0x0000000084800000, 0x0000000084700000| Complete 
|  72|0x0000000084800000, 0x0000000084900000, 0x0000000084900000|100%| O|CS|TAMS 0x0000000084900000, 0x0000000084800000| Complete 
|  73|0x0000000084900000, 0x0000000084a00000, 0x0000000084a00000|100%| O|  |TAMS 0x0000000084a00000, 0x0000000084900000| Complete 
|  74|0x0000000084a00000, 0x0000000084b00000, 0x0000000084b00000|100%| O|CS|TAMS 0x0000000084b00000, 0x0000000084a00000| Complete 
|  75|0x0000000084b00000, 0x0000000084c00000, 0x0000000084c00000|100%| O|  |TAMS 0x0000000084c00000, 0x0000000084b00000| Untracked 
|  76|0x0000000084c00000, 0x0000000084d00000, 0x0000000084d00000|100%| O|CS|TAMS 0x0000000084d00000, 0x0000000084c00000| Complete 
|  77|0x0000000084d00000, 0x0000000084e00000, 0x0000000084e00000|100%| O|  |TAMS 0x0000000084e00000, 0x0000000084d00000| Complete 
|  78|0x0000000084e00000, 0x0000000084f00000, 0x0000000084f00000|100%| O|  |TAMS 0x0000000084f00000, 0x0000000084e00000| Untracked 
|  79|0x0000000084f00000, 0x0000000085000000, 0x0000000085000000|100%| O|  |TAMS 0x0000000085000000, 0x0000000084f00000| Untracked 
|  80|0x0000000085000000, 0x0000000085100000, 0x0000000085100000|100%| O|  |TAMS 0x0000000085070400, 0x0000000085000000| Untracked 
|  81|0x0000000085100000, 0x0000000085200000, 0x0000000085200000|100%| O|  |TAMS 0x0000000085100000, 0x0000000085100000| Untracked 
|  82|0x0000000085200000, 0x0000000085300000, 0x0000000085300000|100%| O|  |TAMS 0x0000000085200000, 0x0000000085200000| Untracked 
|  83|0x0000000085300000, 0x0000000085400000, 0x0000000085400000|100%| O|  |TAMS 0x0000000085300000, 0x0000000085300000| Untracked 
|  84|0x0000000085400000, 0x0000000085500000, 0x0000000085500000|100%| O|  |TAMS 0x0000000085400000, 0x0000000085400000| Untracked 
|  85|0x0000000085500000, 0x0000000085600000, 0x0000000085600000|100%| O|  |TAMS 0x0000000085500000, 0x0000000085500000| Untracked 
|  86|0x0000000085600000, 0x0000000085700000, 0x0000000085700000|100%| O|  |TAMS 0x0000000085600000, 0x0000000085600000| Untracked 
|  87|0x0000000085700000, 0x0000000085800000, 0x0000000085800000|100%| O|CS|TAMS 0x0000000085800000, 0x0000000085700000| Complete 
|  88|0x0000000085800000, 0x0000000085900000, 0x0000000085900000|100%| O|  |TAMS 0x0000000085800000, 0x0000000085800000| Untracked 
|  89|0x0000000085900000, 0x0000000085a00000, 0x0000000085a00000|100%| O|  |TAMS 0x0000000085900000, 0x0000000085900000| Untracked 
|  90|0x0000000085a00000, 0x0000000085acee88, 0x0000000085b00000| 80%| O|  |TAMS 0x0000000085a00000, 0x0000000085a00000| Untracked 
|  91|0x0000000085b00000, 0x0000000085c00000, 0x0000000085c00000|100%|HS|  |TAMS 0x0000000085b00000, 0x0000000085b00000| Complete 
|  92|0x0000000085c00000, 0x0000000085d00000, 0x0000000085d00000|100%|HC|  |TAMS 0x0000000085c00000, 0x0000000085c00000| Complete 
|  93|0x0000000085d00000, 0x0000000085e00000, 0x0000000085e00000|100%|HS|  |TAMS 0x0000000085d00000, 0x0000000085d00000| Complete 
|  94|0x0000000085e00000, 0x0000000085f00000, 0x0000000085f00000|100%|HC|  |TAMS 0x0000000085e00000, 0x0000000085e00000| Complete 
|  95|0x0000000085f00000, 0x0000000086000000, 0x0000000086000000|100%|HC|  |TAMS 0x0000000085f00000, 0x0000000085f00000| Complete 
|  96|0x0000000086000000, 0x0000000086100000, 0x0000000086100000|100%|HS|  |TAMS 0x0000000086000000, 0x0000000086000000| Complete 
|  97|0x0000000086100000, 0x0000000086200000, 0x0000000086200000|100%|HC|  |TAMS 0x0000000086100000, 0x0000000086100000| Complete 
|  98|0x0000000086200000, 0x0000000086300000, 0x0000000086300000|100%|HC|  |TAMS 0x0000000086200000, 0x0000000086200000| Complete 
|  99|0x0000000086300000, 0x0000000086400000, 0x0000000086400000|100%|HC|  |TAMS 0x0000000086300000, 0x0000000086300000| Complete 
| 100|0x0000000086400000, 0x0000000086400000, 0x0000000086500000|  0%| F|  |TAMS 0x0000000086400000, 0x0000000086400000| Untracked 
| 101|0x0000000086500000, 0x0000000086500000, 0x0000000086600000|  0%| F|  |TAMS 0x0000000086500000, 0x0000000086500000| Untracked 
| 102|0x0000000086600000, 0x0000000086600000, 0x0000000086700000|  0%| F|  |TAMS 0x0000000086600000, 0x0000000086600000| Untracked 
| 103|0x0000000086700000, 0x0000000086700000, 0x0000000086800000|  0%| F|  |TAMS 0x0000000086700000, 0x0000000086700000| Untracked 
| 104|0x0000000086800000, 0x0000000086800000, 0x0000000086900000|  0%| F|  |TAMS 0x0000000086800000, 0x0000000086800000| Untracked 
| 105|0x0000000086900000, 0x0000000086900000, 0x0000000086a00000|  0%| F|  |TAMS 0x0000000086900000, 0x0000000086900000| Untracked 
| 106|0x0000000086a00000, 0x0000000086a00000, 0x0000000086b00000|  0%| F|  |TAMS 0x0000000086a00000, 0x0000000086a00000| Untracked 
| 107|0x0000000086b00000, 0x0000000086b00000, 0x0000000086c00000|  0%| F|  |TAMS 0x0000000086b00000, 0x0000000086b00000| Untracked 
| 108|0x0000000086c00000, 0x0000000086c00000, 0x0000000086d00000|  0%| F|  |TAMS 0x0000000086c00000, 0x0000000086c00000| Untracked 
| 109|0x0000000086d00000, 0x0000000086dca150, 0x0000000086e00000| 78%| E|CS|TAMS 0x0000000086d00000, 0x0000000086d00000| Complete 
| 110|0x0000000086e00000, 0x0000000086f00000, 0x0000000086f00000|100%| E|CS|TAMS 0x0000000086e00000, 0x0000000086e00000| Complete 
| 111|0x0000000086f00000, 0x0000000087000000, 0x0000000087000000|100%| E|CS|TAMS 0x0000000086f00000, 0x0000000086f00000| Complete 
| 112|0x0000000087000000, 0x0000000087100000, 0x0000000087100000|100%| E|CS|TAMS 0x0000000087000000, 0x0000000087000000| Complete 
| 113|0x0000000087100000, 0x0000000087100000, 0x0000000087200000|  0%| F|  |TAMS 0x0000000087100000, 0x0000000087100000| Untracked 
| 114|0x0000000087200000, 0x0000000087300000, 0x0000000087300000|100%| E|CS|TAMS 0x0000000087200000, 0x0000000087200000| Complete 
| 115|0x0000000087300000, 0x0000000087300000, 0x0000000087400000|  0%| F|  |TAMS 0x0000000087300000, 0x0000000087300000| Untracked 
| 116|0x0000000087400000, 0x0000000087400000, 0x0000000087500000|  0%| F|  |TAMS 0x0000000087400000, 0x0000000087400000| Untracked 
| 117|0x0000000087500000, 0x0000000087500000, 0x0000000087600000|  0%| F|  |TAMS 0x0000000087500000, 0x0000000087500000| Untracked 
| 118|0x0000000087600000, 0x0000000087600000, 0x0000000087700000|  0%| F|  |TAMS 0x0000000087600000, 0x0000000087600000| Untracked 
| 119|0x0000000087700000, 0x0000000087700000, 0x0000000087800000|  0%| F|  |TAMS 0x0000000087700000, 0x0000000087700000| Untracked 
| 120|0x0000000087800000, 0x0000000087800000, 0x0000000087900000|  0%| F|  |TAMS 0x0000000087800000, 0x0000000087800000| Untracked 
| 121|0x0000000087900000, 0x0000000087900000, 0x0000000087a00000|  0%| F|  |TAMS 0x0000000087900000, 0x0000000087900000| Untracked 
| 122|0x0000000087a00000, 0x0000000087a00000, 0x0000000087b00000|  0%| F|  |TAMS 0x0000000087a00000, 0x0000000087a00000| Untracked 
| 123|0x0000000087b00000, 0x0000000087b00000, 0x0000000087c00000|  0%| F|  |TAMS 0x0000000087b00000, 0x0000000087b00000| Untracked 
| 124|0x0000000087c00000, 0x0000000087c00000, 0x0000000087d00000|  0%| F|  |TAMS 0x0000000087c00000, 0x0000000087c00000| Untracked 
| 125|0x0000000087d00000, 0x0000000087d00000, 0x0000000087e00000|  0%| F|  |TAMS 0x0000000087d00000, 0x0000000087d00000| Untracked 
| 126|0x0000000087e00000, 0x0000000087e00000, 0x0000000087f00000|  0%| F|  |TAMS 0x0000000087e00000, 0x0000000087e00000| Untracked 
| 127|0x0000000087f00000, 0x0000000087f00000, 0x0000000088000000|  0%| F|  |TAMS 0x0000000087f00000, 0x0000000087f00000| Untracked 
| 128|0x0000000088000000, 0x0000000088000000, 0x0000000088100000|  0%| F|  |TAMS 0x0000000088000000, 0x0000000088000000| Untracked 
| 129|0x0000000088100000, 0x0000000088100000, 0x0000000088200000|  0%| F|  |TAMS 0x0000000088100000, 0x0000000088100000| Untracked 
| 130|0x0000000088200000, 0x0000000088200000, 0x0000000088300000|  0%| F|  |TAMS 0x0000000088200000, 0x0000000088200000| Untracked 
| 131|0x0000000088300000, 0x0000000088300000, 0x0000000088400000|  0%| F|  |TAMS 0x0000000088300000, 0x0000000088300000| Untracked 
| 132|0x0000000088400000, 0x0000000088400000, 0x0000000088500000|  0%| F|  |TAMS 0x0000000088400000, 0x0000000088400000| Untracked 
| 133|0x0000000088500000, 0x0000000088500000, 0x0000000088600000|  0%| F|  |TAMS 0x0000000088500000, 0x0000000088500000| Untracked 
| 134|0x0000000088600000, 0x0000000088600000, 0x0000000088700000|  0%| F|  |TAMS 0x0000000088600000, 0x0000000088600000| Untracked 
| 135|0x0000000088700000, 0x0000000088700000, 0x0000000088800000|  0%| F|  |TAMS 0x0000000088700000, 0x0000000088700000| Untracked 
| 136|0x0000000088800000, 0x0000000088800000, 0x0000000088900000|  0%| F|  |TAMS 0x0000000088800000, 0x0000000088800000| Untracked 
| 137|0x0000000088900000, 0x0000000088900000, 0x0000000088a00000|  0%| F|  |TAMS 0x0000000088900000, 0x0000000088900000| Untracked 
| 138|0x0000000088a00000, 0x0000000088a00000, 0x0000000088b00000|  0%| F|  |TAMS 0x0000000088a00000, 0x0000000088a00000| Untracked 
| 139|0x0000000088b00000, 0x0000000088b00000, 0x0000000088c00000|  0%| F|  |TAMS 0x0000000088b00000, 0x0000000088b00000| Untracked 
| 140|0x0000000088c00000, 0x0000000088c00000, 0x0000000088d00000|  0%| F|  |TAMS 0x0000000088c00000, 0x0000000088c00000| Untracked 
| 141|0x0000000088d00000, 0x0000000088d00000, 0x0000000088e00000|  0%| F|  |TAMS 0x0000000088d00000, 0x0000000088d00000| Untracked 
| 142|0x0000000088e00000, 0x0000000088e00000, 0x0000000088f00000|  0%| F|  |TAMS 0x0000000088e00000, 0x0000000088e00000| Untracked 
| 143|0x0000000088f00000, 0x0000000088f00000, 0x0000000089000000|  0%| F|  |TAMS 0x0000000088f00000, 0x0000000088f00000| Untracked 
| 144|0x0000000089000000, 0x0000000089000000, 0x0000000089100000|  0%| F|  |TAMS 0x0000000089000000, 0x0000000089000000| Untracked 
| 145|0x0000000089100000, 0x0000000089100000, 0x0000000089200000|  0%| F|  |TAMS 0x0000000089100000, 0x0000000089100000| Untracked 
| 146|0x0000000089200000, 0x0000000089200000, 0x0000000089300000|  0%| F|  |TAMS 0x0000000089200000, 0x0000000089200000| Untracked 
| 147|0x0000000089300000, 0x0000000089300000, 0x0000000089400000|  0%| F|  |TAMS 0x0000000089300000, 0x0000000089300000| Untracked 
| 148|0x0000000089400000, 0x0000000089400000, 0x0000000089500000|  0%| F|  |TAMS 0x0000000089400000, 0x0000000089400000| Untracked 
| 149|0x0000000089500000, 0x0000000089500000, 0x0000000089600000|  0%| F|  |TAMS 0x0000000089500000, 0x0000000089500000| Untracked 
| 150|0x0000000089600000, 0x0000000089600000, 0x0000000089700000|  0%| F|  |TAMS 0x0000000089600000, 0x0000000089600000| Untracked 
| 151|0x0000000089700000, 0x000000008977b420, 0x0000000089800000| 48%| S|  |TAMS 0x0000000089700000, 0x0000000089700000| Complete 
| 152|0x0000000089800000, 0x0000000089900000, 0x0000000089900000|100%| E|CS|TAMS 0x0000000089800000, 0x0000000089800000| Complete 
| 153|0x0000000089900000, 0x0000000089a00000, 0x0000000089a00000|100%| E|CS|TAMS 0x0000000089900000, 0x0000000089900000| Complete 

Card table byte_map: [0x000001d4b67a0000,0x000001d4b6ba0000] _byte_map_base: 0x000001d4b63a0000

Marking Bits (Prev, Next): (CMBitMap*) 0x000001d4a2ffdbc0, (CMBitMap*) 0x000001d4a2ffdb88
 Prev Bits: [0x000001d4b8fa0000, 0x000001d4bafa0000)
 Next Bits: [0x000001d4b6fa0000, 0x000001d4b8fa0000)

Polling page: 0x000001d4a1940000

Metaspace:

Usage:
  Non-class:     77.53 MB capacity,    76.00 MB ( 98%) used,     1.30 MB (  2%) free+waste,   233.75 KB ( <1%) overhead. 
      Class:     11.64 MB capacity,    10.85 MB ( 93%) used,   703.51 KB (  6%) free+waste,   104.44 KB ( <1%) overhead. 
       Both:     89.17 MB capacity,    86.85 MB ( 97%) used,     1.99 MB (  2%) free+waste,   338.19 KB ( <1%) overhead. 

Virtual space:
  Non-class space:       78.00 MB reserved,      77.67 MB (>99%) committed 
      Class space:        1.00 GB reserved,      11.75 MB (  1%) committed 
             Both:        1.08 GB reserved,      89.42 MB (  8%) committed 

Chunk freelists:
   Non-Class:  16.00 KB
       Class:  17.00 KB
        Both:  33.00 KB

MaxMetaspaceSize: 17179869184.00 GB
CompressedClassSpaceSize: 1.00 GB

CodeHeap 'non-profiled nmethods': size=120000Kb used=7659Kb max_used=7659Kb free=112340Kb
 bounds [0x000001d4ae410000, 0x000001d4aeb90000, 0x000001d4b5940000]
CodeHeap 'profiled nmethods': size=120000Kb used=26447Kb max_used=26447Kb free=93552Kb
 bounds [0x000001d4a6ee0000, 0x000001d4a88c0000, 0x000001d4ae410000]
CodeHeap 'non-nmethods': size=5760Kb used=2281Kb max_used=2339Kb free=3478Kb
 bounds [0x000001d4a6940000, 0x000001d4a6bb0000, 0x000001d4a6ee0000]
 total_blobs=13068 nmethods=12185 adapters=793
 compilation: enabled
              stopped_count=0, restarted_count=0
 full_count=0

Compilation events (20 events):
Event: 1136.783 Thread 0x000001d4bdaad800 nmethod 12548 0x000001d4aeb87610 code [0x000001d4aeb877c0, 0x000001d4aeb87878]
Event: 1136.783 Thread 0x000001d4bdaad800 12549       1       groovyjarjarantlr.CommonAST::getText (5 bytes)
Event: 1136.783 Thread 0x000001d4bdaad800 nmethod 12549 0x000001d4aeb87910 code [0x000001d4aeb87ac0, 0x000001d4aeb87b78]
Event: 1136.783 Thread 0x000001d4bdaad800 12550       1       org.codehaus.groovy.antlr.GroovySourceAST::getLineLast (5 bytes)
Event: 1136.783 Thread 0x000001d4bdaad800 nmethod 12550 0x000001d4aeb87c10 code [0x000001d4aeb87dc0, 0x000001d4aeb87e78]
Event: 1136.783 Thread 0x000001d4bdaad800 12551       1       org.codehaus.groovy.antlr.GroovySourceAST::getColumnLast (5 bytes)
Event: 1136.783 Thread 0x000001d4bdaad800 nmethod 12551 0x000001d4aeb87f10 code [0x000001d4aeb880c0, 0x000001d4aeb88178]
Event: 1136.783 Thread 0x000001d4bdaad800 12552       1       org.codehaus.groovy.antlr.GroovySourceAST::setColumnLast (6 bytes)
Event: 1136.783 Thread 0x000001d4bdaad800 nmethod 12552 0x000001d4aeb88210 code [0x000001d4aeb883c0, 0x000001d4aeb88478]
Event: 1136.783 Thread 0x000001d4bdaad800 12553       1       org.codehaus.groovy.antlr.GroovySourceAST::setLineLast (6 bytes)
Event: 1136.783 Thread 0x000001d4bdaad800 nmethod 12553 0x000001d4aeb88510 code [0x000001d4aeb886c0, 0x000001d4aeb88778]
Event: 1136.783 Thread 0x000001d4bdaad800 12558   !   3       groovyjarjarantlr.ASTFactory::create (44 bytes)
Event: 1136.784 Thread 0x000001d4bdaad800 nmethod 12558 0x000001d4a88b5510 code [0x000001d4a88b5760, 0x000001d4a88b5d68]
Event: 1136.784 Thread 0x000001d4bdaad800 12562   !   3       org.codehaus.groovy.antlr.parser.GroovyLexer::nextToken (2683 bytes)
Event: 1136.793 Thread 0x000001d4bdaa8800 nmethod 12555 0x000001d4aeb88810 code [0x000001d4aeb88a40, 0x000001d4aeb89260]
Event: 1136.793 Thread 0x000001d4bdaa8800 12557       4       groovyjarjarantlr.collections.impl.BitSet::member (38 bytes)
Event: 1136.794 Thread 0x000001d4bdaa8800 nmethod 12557 0x000001d4aeb89810 code [0x000001d4aeb899a0, 0x000001d4aeb89a78]
Event: 1136.794 Thread 0x000001d4bdaa8800 12535       4       groovyjarjarantlr.CharScanner::getLine (8 bytes)
Event: 1136.795 Thread 0x000001d4bdaa8800 nmethod 12535 0x000001d4ae46d090 code [0x000001d4ae46d220, 0x000001d4ae46d298]
Event: 1136.795 Thread 0x000001d4c243e000 nmethod 12556 0x000001d4aeb89b90 code [0x000001d4aeb89de0, 0x000001d4aeb8a660]

GC Heap History (20 events):
Event: 17.135 GC heap after
{Heap after GC invocations=29 (full 0):
 garbage-first heap   total 131072K, used 73441K [0x0000000080000000, 0x0000000100000000)
  region size 1024K, 2 young (2048K), 2 survivors (2048K)
 Metaspace       used 79296K, capacity 81308K, committed 81580K, reserved 1120256K
  class space    used 10267K, capacity 10951K, committed 11008K, reserved 1048576K
}
Event: 19.054 GC heap before
{Heap before GC invocations=30 (full 0):
 garbage-first heap   total 131072K, used 100065K [0x0000000080000000, 0x0000000100000000)
  region size 1024K, 29 young (29696K), 2 survivors (2048K)
 Metaspace       used 80444K, capacity 82449K, committed 82732K, reserved 1120256K
  class space    used 10374K, capacity 11038K, committed 11136K, reserved 1048576K
}
Event: 19.060 GC heap after
{Heap after GC invocations=31 (full 0):
 garbage-first heap   total 131072K, used 77178K [0x0000000080000000, 0x0000000100000000)
  region size 1024K, 4 young (4096K), 4 survivors (4096K)
 Metaspace       used 80444K, capacity 82449K, committed 82732K, reserved 1120256K
  class space    used 10374K, capacity 11038K, committed 11136K, reserved 1048576K
}
Event: 19.066 GC heap before
{Heap before GC invocations=31 (full 0):
 garbage-first heap   total 131072K, used 79226K [0x0000000080000000, 0x0000000100000000)
  region size 1024K, 6 young (6144K), 4 survivors (4096K)
 Metaspace       used 80447K, capacity 82449K, committed 82732K, reserved 1120256K
  class space    used 10374K, capacity 11038K, committed 11136K, reserved 1048576K
}
Event: 19.072 GC heap after
{Heap after GC invocations=32 (full 0):
 garbage-first heap   total 157696K, used 76190K [0x0000000080000000, 0x0000000100000000)
  region size 1024K, 1 young (1024K), 1 survivors (1024K)
 Metaspace       used 80447K, capacity 82449K, committed 82732K, reserved 1120256K
  class space    used 10374K, capacity 11038K, committed 11136K, reserved 1048576K
}
Event: 19.744 GC heap before
{Heap before GC invocations=32 (full 0):
 garbage-first heap   total 157696K, used 112030K [0x0000000080000000, 0x0000000100000000)
  region size 1024K, 37 young (37888K), 1 survivors (1024K)
 Metaspace       used 81646K, capacity 83761K, committed 83884K, reserved 1122304K
  class space    used 10523K, capacity 11217K, committed 11264K, reserved 1048576K
}
Event: 19.748 GC heap after
{Heap after GC invocations=33 (full 0):
 garbage-first heap   total 157696K, used 77335K [0x0000000080000000, 0x0000000100000000)
  region size 1024K, 2 young (2048K), 2 survivors (2048K)
 Metaspace       used 81646K, capacity 83761K, committed 83884K, reserved 1122304K
  class space    used 10523K, capacity 11217K, committed 11264K, reserved 1048576K
}
Event: 188.925 GC heap before
{Heap before GC invocations=34 (full 0):
 garbage-first heap   total 157696K, used 125463K [0x0000000080000000, 0x0000000100000000)
  region size 1024K, 40 young (40960K), 2 survivors (2048K)
 Metaspace       used 85627K, capacity 87733K, committed 87980K, reserved 1126400K
  class space    used 10813K, capacity 11510K, committed 11520K, reserved 1048576K
}
Event: 188.930 GC heap after
{Heap after GC invocations=35 (full 0):
 garbage-first heap   total 157696K, used 78991K [0x0000000080000000, 0x0000000100000000)
  region size 1024K, 4 young (4096K), 4 survivors (4096K)
 Metaspace       used 85627K, capacity 87733K, committed 87980K, reserved 1126400K
  class space    used 10813K, capacity 11510K, committed 11520K, reserved 1048576K
}
Event: 189.389 GC heap before
{Heap before GC invocations=35 (full 0):
 garbage-first heap   total 157696K, used 117903K [0x0000000080000000, 0x0000000100000000)
  region size 1024K, 43 young (44032K), 4 survivors (4096K)
 Metaspace       used 85888K, capacity 88088K, committed 88236K, reserved 1126400K
  class space    used 10817K, capacity 11516K, committed 11520K, reserved 1048576K
}
Event: 189.395 GC heap after
{Heap after GC invocations=36 (full 0):
 garbage-first heap   total 157696K, used 81822K [0x0000000080000000, 0x0000000100000000)
  region size 1024K, 5 young (5120K), 5 survivors (5120K)
 Metaspace       used 85888K, capacity 88088K, committed 88236K, reserved 1126400K
  class space    used 10817K, capacity 11516K, committed 11520K, reserved 1048576K
}
Event: 191.059 GC heap before
{Heap before GC invocations=36 (full 0):
 garbage-first heap   total 157696K, used 120734K [0x0000000080000000, 0x0000000100000000)
  region size 1024K, 44 young (45056K), 5 survivors (5120K)
 Metaspace       used 86055K, capacity 88174K, committed 88236K, reserved 1126400K
  class space    used 10821K, capacity 11519K, committed 11520K, reserved 1048576K
}
Event: 191.067 GC heap after
{Heap after GC invocations=37 (full 0):
 garbage-first heap   total 157696K, used 85542K [0x0000000080000000, 0x0000000100000000)
  region size 1024K, 6 young (6144K), 6 survivors (6144K)
 Metaspace       used 86055K, capacity 88174K, committed 88236K, reserved 1126400K
  class space    used 10821K, capacity 11519K, committed 11520K, reserved 1048576K
}
Event: 191.309 GC heap before
{Heap before GC invocations=37 (full 0):
 garbage-first heap   total 157696K, used 123430K [0x0000000080000000, 0x0000000100000000)
  region size 1024K, 44 young (45056K), 6 survivors (6144K)
 Metaspace       used 86112K, capacity 88175K, committed 88236K, reserved 1126400K
  class space    used 10821K, capacity 11519K, committed 11520K, reserved 1048576K
}
Event: 191.314 GC heap after
{Heap after GC invocations=38 (full 0):
 garbage-first heap   total 157696K, used 85226K [0x0000000080000000, 0x0000000100000000)
  region size 1024K, 2 young (2048K), 2 survivors (2048K)
 Metaspace       used 86112K, capacity 88175K, committed 88236K, reserved 1126400K
  class space    used 10821K, capacity 11519K, committed 11520K, reserved 1048576K
}
Event: 191.826 GC heap before
{Heap before GC invocations=38 (full 0):
 garbage-first heap   total 157696K, used 138474K [0x0000000080000000, 0x0000000100000000)
  region size 1024K, 38 young (38912K), 2 survivors (2048K)
 Metaspace       used 86349K, capacity 88454K, committed 88620K, reserved 1126400K
  class space    used 10840K, capacity 11564K, committed 11648K, reserved 1048576K
}
Event: 191.830 GC heap after
{Heap after GC invocations=39 (full 0):
 garbage-first heap   total 157696K, used 90187K [0x0000000080000000, 0x0000000100000000)
  region size 1024K, 3 young (3072K), 3 survivors (3072K)
 Metaspace       used 86349K, capacity 88454K, committed 88620K, reserved 1126400K
  class space    used 10840K, capacity 11564K, committed 11648K, reserved 1048576K
}
Event: 1136.779 GC heap before
{Heap before GC invocations=40 (full 0):
 garbage-first heap   total 157696K, used 141387K [0x0000000080000000, 0x0000000100000000)
  region size 1024K, 40 young (40960K), 3 survivors (3072K)
 Metaspace       used 88451K, capacity 90824K, committed 90924K, reserved 1128448K
  class space    used 11079K, capacity 11886K, committed 11904K, reserved 1048576K
}
Event: 1136.782 GC heap after
{Heap after GC invocations=41 (full 0):
 garbage-first heap   total 157696K, used 97513K [0x0000000080000000, 0x0000000100000000)
  region size 1024K, 5 young (5120K), 5 survivors (5120K)
 Metaspace       used 88451K, capacity 90824K, committed 90924K, reserved 1128448K
  class space    used 11079K, capacity 11886K, committed 11904K, reserved 1048576K
}
Event: 1136.824 GC heap before
{Heap before GC invocations=41 (full 0):
 garbage-first heap   total 157696K, used 98537K [0x0000000080000000, 0x0000000100000000)
  region size 1024K, 7 young (7168K), 5 survivors (5120K)
 Metaspace       used 88931K, capacity 91307K, committed 91564K, reserved 1128448K
  class space    used 11111K, capacity 11919K, committed 12032K, reserved 1048576K
}

Deoptimization events (20 events):
Event: 1136.748 Thread 0x000001d4c0983000 Uncommon trap: trap_request=0xffffffc6 fr.pc=0x000001d4ae6b9abc relative=0x0000000000000e1c
Event: 1136.748 Thread 0x000001d4c0983000 Uncommon trap: reason=bimorphic_or_optimized_type_check action=maybe_recompile pc=0x000001d4ae6b9abc method=java.util.Hashtable.put(Ljava/lang/Object;Ljava/lang/Object;)Ljava/lang/Object; @ 18 c2
Event: 1136.748 Thread 0x000001d4c0983000 DEOPT PACKING pc=0x000001d4ae6b9abc sp=0x00000070433fa410
Event: 1136.748 Thread 0x000001d4c0983000 DEOPT UNPACKING pc=0x000001d4a69674af sp=0x00000070433fa3e8 mode 2
Event: 1136.748 Thread 0x000001d4c0983000 Uncommon trap: trap_request=0xffffffc6 fr.pc=0x000001d4ae6b9abc relative=0x0000000000000e1c
Event: 1136.748 Thread 0x000001d4c0983000 Uncommon trap: reason=bimorphic_or_optimized_type_check action=maybe_recompile pc=0x000001d4ae6b9abc method=java.util.Hashtable.put(Ljava/lang/Object;Ljava/lang/Object;)Ljava/lang/Object; @ 18 c2
Event: 1136.748 Thread 0x000001d4c0983000 DEOPT PACKING pc=0x000001d4ae6b9abc sp=0x00000070433fa410
Event: 1136.748 Thread 0x000001d4c0983000 DEOPT UNPACKING pc=0x000001d4a69674af sp=0x00000070433fa3e8 mode 2
Event: 1136.819 Thread 0x000001d4c0983000 Uncommon trap: trap_request=0xffffffc6 fr.pc=0x000001d4ae5347ec relative=0x000000000000502c
Event: 1136.819 Thread 0x000001d4c0983000 Uncommon trap: reason=bimorphic_or_optimized_type_check action=maybe_recompile pc=0x000001d4ae5347ec method=java.net.URL.<init>(Ljava/net/URL;Ljava/lang/String;Ljava/net/URLStreamHandler;)V @ 504 c2
Event: 1136.819 Thread 0x000001d4c0983000 DEOPT PACKING pc=0x000001d4ae5347ec sp=0x00000070433f9e90
Event: 1136.819 Thread 0x000001d4c0983000 DEOPT UNPACKING pc=0x000001d4a69674af sp=0x00000070433f9e30 mode 2
Event: 1136.820 Thread 0x000001d4c0983000 Uncommon trap: trap_request=0xffffffd6 fr.pc=0x000001d4aeb71b30 relative=0x0000000000000670
Event: 1136.820 Thread 0x000001d4c0983000 Uncommon trap: reason=array_check action=maybe_recompile pc=0x000001d4aeb71b30 method=java.util.TimSort.binarySort([Ljava/lang/Object;IIILjava/util/Comparator;)V @ 215 c2
Event: 1136.820 Thread 0x000001d4c0983000 DEOPT PACKING pc=0x000001d4aeb71b30 sp=0x00000070433f9d30
Event: 1136.820 Thread 0x000001d4c0983000 DEOPT UNPACKING pc=0x000001d4a69674af sp=0x00000070433f9cc8 mode 2
Event: 1136.821 Thread 0x000001d4c0983000 Uncommon trap: trap_request=0xffffffd6 fr.pc=0x000001d4aeb71b30 relative=0x0000000000000670
Event: 1136.821 Thread 0x000001d4c0983000 Uncommon trap: reason=array_check action=maybe_recompile pc=0x000001d4aeb71b30 method=java.util.TimSort.binarySort([Ljava/lang/Object;IIILjava/util/Comparator;)V @ 215 c2
Event: 1136.821 Thread 0x000001d4c0983000 DEOPT PACKING pc=0x000001d4aeb71b30 sp=0x00000070433f9df0
Event: 1136.821 Thread 0x000001d4c0983000 DEOPT UNPACKING pc=0x000001d4a69674af sp=0x00000070433f9d88 mode 2

Classes redefined (0 events):
No events

Internal exceptions (20 events):
Event: 1136.558 Thread 0x000001d4c0983000 Exception <a 'java/lang/NoSuchMethodError'{0x0000000087e7ad70}: <clinit>> (0x0000000087e7ad70) thrown at [./src/hotspot/share/prims/jni.cpp, line 1362]
Event: 1136.558 Thread 0x000001d4c0983000 Exception <a 'java/lang/NoSuchMethodError'{0x0000000087e8a058}: <clinit>> (0x0000000087e8a058) thrown at [./src/hotspot/share/prims/jni.cpp, line 1362]
Event: 1136.559 Thread 0x000001d4c0983000 Exception <a 'java/lang/NoSuchMethodError'{0x0000000087e99f48}: <clinit>> (0x0000000087e99f48) thrown at [./src/hotspot/share/prims/jni.cpp, line 1362]
Event: 1136.561 Thread 0x000001d4c0983000 Exception <a 'java/lang/NoSuchMethodError'{0x0000000087eb1940}: <clinit>> (0x0000000087eb1940) thrown at [./src/hotspot/share/prims/jni.cpp, line 1362]
Event: 1136.561 Thread 0x000001d4c0983000 Exception <a 'java/lang/NoSuchMethodError'{0x0000000087ebb450}: <clinit>> (0x0000000087ebb450) thrown at [./src/hotspot/share/prims/jni.cpp, line 1362]
Event: 1136.561 Thread 0x000001d4c0983000 Exception <a 'java/lang/NoSuchMethodError'{0x0000000087ec4ae0}: <clinit>> (0x0000000087ec4ae0) thrown at [./src/hotspot/share/prims/jni.cpp, line 1362]
Event: 1136.562 Thread 0x000001d4c0983000 Exception <a 'java/lang/NoSuchMethodError'{0x0000000087ece790}: <clinit>> (0x0000000087ece790) thrown at [./src/hotspot/share/prims/jni.cpp, line 1362]
Event: 1136.567 Thread 0x000001d4c0983000 Exception <a 'java/lang/NoSuchMethodError'{0x0000000087d793b8}: <clinit>> (0x0000000087d793b8) thrown at [./src/hotspot/share/prims/jni.cpp, line 1362]
Event: 1136.567 Thread 0x000001d4c0983000 Exception <a 'java/lang/NoSuchMethodError'{0x0000000087d7c040}: <clinit>> (0x0000000087d7c040) thrown at [./src/hotspot/share/prims/jni.cpp, line 1362]
Event: 1136.567 Thread 0x000001d4c0983000 Exception <a 'java/lang/NoSuchMethodError'{0x0000000087d7d648}: <clinit>> (0x0000000087d7d648) thrown at [./src/hotspot/share/prims/jni.cpp, line 1362]
Event: 1136.567 Thread 0x000001d4c0983000 Exception <a 'java/lang/NoSuchMethodError'{0x0000000087d7ebe0}: <clinit>> (0x0000000087d7ebe0) thrown at [./src/hotspot/share/prims/jni.cpp, line 1362]
Event: 1136.567 Thread 0x000001d4c0983000 Exception <a 'java/lang/NoSuchMethodError'{0x0000000087d80098}: <clinit>> (0x0000000087d80098) thrown at [./src/hotspot/share/prims/jni.cpp, line 1362]
Event: 1136.567 Thread 0x000001d4c0983000 Exception <a 'java/lang/NoSuchMethodError'{0x0000000087d81488}: <clinit>> (0x0000000087d81488) thrown at [./src/hotspot/share/prims/jni.cpp, line 1362]
Event: 1136.567 Thread 0x000001d4c0983000 Exception <a 'java/lang/NoSuchMethodError'{0x0000000087d829c0}: <clinit>> (0x0000000087d829c0) thrown at [./src/hotspot/share/prims/jni.cpp, line 1362]
Event: 1136.614 Thread 0x000001d4c0983000 Exception <a 'java/lang/ClassNotFoundException'{0x0000000087c6bc40}: sync_studio_tooling_3xta8o4em520pvs15tq3yooe2BeanInfo> (0x0000000087c6bc40) thrown at [./src/hotspot/share/classfile/systemDictionary.cpp, line 231]
Event: 1136.614 Thread 0x000001d4c0983000 Exception <a 'java/lang/ClassNotFoundException'{0x0000000087c7a168}: org/gradle/initialization/InitScriptBeanInfo> (0x0000000087c7a168) thrown at [./src/hotspot/share/classfile/systemDictionary.cpp, line 231]
Event: 1136.614 Thread 0x000001d4c0983000 Exception <a 'java/lang/ClassNotFoundException'{0x0000000087c88488}: org/gradle/initialization/InitScriptCustomizer> (0x0000000087c88488) thrown at [./src/hotspot/share/classfile/systemDictionary.cpp, line 231]
Event: 1136.619 Thread 0x000001d4c0983000 Exception <a 'java/lang/ClassNotFoundException'{0x0000000087c99620}: sync_studio_tooling_3xta8o4em520pvs15tq3yooe2Customizer> (0x0000000087c99620) thrown at [./src/hotspot/share/classfile/systemDictionary.cpp, line 231]
Event: 1136.667 Thread 0x000001d4c0983000 Exception <a 'java/lang/ClassNotFoundException'{0x0000000087bc63d0}: sync_studio_tooling_3xta8o4em520pvs15tq3yooe2BeanInfo> (0x0000000087bc63d0) thrown at [./src/hotspot/share/classfile/systemDictionary.cpp, line 231]
Event: 1136.668 Thread 0x000001d4c0983000 Exception <a 'java/lang/ClassNotFoundException'{0x0000000087bced40}: sync_studio_tooling_3xta8o4em520pvs15tq3yooe2Customizer> (0x0000000087bced40) thrown at [./src/hotspot/share/classfile/systemDictionary.cpp, line 231]

Events (20 events):
Event: 1136.814 loading class org/codehaus/groovy/control/ClassNodeResolver$LookupResult done
Event: 1136.815 loading class org/codehaus/groovy/ast/decompiled/FieldStub
Event: 1136.815 loading class org/codehaus/groovy/ast/decompiled/FieldStub done
Event: 1136.815 loading class org/codehaus/groovy/ast/decompiled/AnnotationStub
Event: 1136.815 loading class org/codehaus/groovy/ast/decompiled/AnnotationStub done
Event: 1136.815 loading class org/codehaus/groovy/ast/decompiled/AsmDecompiler$AnnotationReader$1
Event: 1136.815 loading class org/codehaus/groovy/ast/decompiled/AsmDecompiler$AnnotationReader$1 done
Event: 1136.816 Executing VM operation: RevokeBias
Event: 1136.816 Executing VM operation: RevokeBias done
Event: 1136.817 Executing VM operation: RevokeBias
Event: 1136.818 Executing VM operation: RevokeBias done
Event: 1136.818 loading class sun/net/www/protocol/jrt/JavaRuntimeURLConnection
Event: 1136.818 loading class sun/net/www/protocol/jrt/JavaRuntimeURLConnection done
Event: 1136.819 loading class sun/net/www/protocol/jrt/JavaRuntimeURLConnection$1
Event: 1136.819 loading class sun/net/www/protocol/jrt/JavaRuntimeURLConnection$1 done
Event: 1136.819 Executing VM operation: Deoptimize
Event: 1136.820 Executing VM operation: Deoptimize done
Event: 1136.822 loading class groovyjarjarasm/asm/Handle
Event: 1136.822 loading class groovyjarjarasm/asm/Handle done
Event: 1136.824 Executing VM operation: G1CollectForAllocation


Dynamic libraries:
0x00007ff68bef0000 - 0x00007ff68befa000 	D:\android studio\jre\bin\java.exe
0x00007ff9c54b0000 - 0x00007ff9c56a5000 	C:\WINDOWS\SYSTEM32\ntdll.dll
0x00007ff9c4060000 - 0x00007ff9c411d000 	C:\WINDOWS\System32\KERNEL32.DLL
0x00007ff9c2e60000 - 0x00007ff9c3128000 	C:\WINDOWS\System32\KERNELBASE.dll
0x00007ff9c2d00000 - 0x00007ff9c2e00000 	C:\WINDOWS\System32\ucrtbase.dll
0x00007ff9adf70000 - 0x00007ff9adf89000 	D:\android studio\jre\bin\jli.dll
0x00007ff9c3570000 - 0x00007ff9c3710000 	C:\WINDOWS\System32\USER32.dll
0x00007ff9c2ca0000 - 0x00007ff9c2cc2000 	C:\WINDOWS\System32\win32u.dll
0x00007ff9c3bb0000 - 0x00007ff9c3bda000 	C:\WINDOWS\System32\GDI32.dll
0x00007ff9ad9e0000 - 0x00007ff9adc7a000 	C:\WINDOWS\WinSxS\amd64_microsoft.windows.common-controls_6595b64144ccf1df_6.0.19041.844_none_ca00b6081b84eb1d\COMCTL32.dll
0x00007ff9c3180000 - 0x00007ff9c328b000 	C:\WINDOWS\System32\gdi32full.dll
0x00007ff9c3290000 - 0x00007ff9c332d000 	C:\WINDOWS\System32\msvcp_win.dll
0x00007ff9c3800000 - 0x00007ff9c389e000 	C:\WINDOWS\System32\msvcrt.dll
0x00007ff9adf50000 - 0x00007ff9adf67000 	D:\android studio\jre\bin\VCRUNTIME140.dll
0x00007ff9c3c50000 - 0x00007ff9c3c80000 	C:\WINDOWS\System32\IMM32.DLL
0x00007ff9adeb0000 - 0x00007ff9adf4d000 	D:\android studio\jre\bin\msvcp140.dll
0x00007ff971820000 - 0x00007ff9722dc000 	D:\android studio\jre\bin\server\jvm.dll
0x00007ff9c48c0000 - 0x00007ff9c496c000 	C:\WINDOWS\System32\ADVAPI32.dll
0x00007ff9c38a0000 - 0x00007ff9c393b000 	C:\WINDOWS\System32\sechost.dll
0x00007ff9c3940000 - 0x00007ff9c3a6b000 	C:\WINDOWS\System32\RPCRT4.dll
0x00007ff9c3790000 - 0x00007ff9c3798000 	C:\WINDOWS\System32\PSAPI.DLL
0x00007ff9aef20000 - 0x00007ff9aef29000 	C:\WINDOWS\SYSTEM32\WSOCK32.dll
0x00007ff9af050000 - 0x00007ff9af077000 	C:\WINDOWS\SYSTEM32\WINMM.dll
0x00007ff9b3f10000 - 0x00007ff9b3f1a000 	C:\WINDOWS\SYSTEM32\VERSION.dll
0x00007ff9c3be0000 - 0x00007ff9c3c4b000 	C:\WINDOWS\System32\WS2_32.dll
0x00007ff9c0b20000 - 0x00007ff9c0b32000 	C:\WINDOWS\SYSTEM32\kernel.appcore.dll
0x00007ff9aed20000 - 0x00007ff9aed31000 	D:\android studio\jre\bin\verify.dll
0x00007ff9a57f0000 - 0x00007ff9a59d4000 	C:\WINDOWS\SYSTEM32\DBGHELP.DLL
0x00007ff9a57c0000 - 0x00007ff9a57ec000 	C:\WINDOWS\SYSTEM32\dbgcore.DLL
0x00007ff9c3490000 - 0x00007ff9c3510000 	C:\WINDOWS\System32\bcryptPrimitives.dll
0x00007ff9ae330000 - 0x00007ff9ae359000 	D:\android studio\jre\bin\java.dll
0x00007ff9aef10000 - 0x00007ff9aef1b000 	D:\android studio\jre\bin\jimage.dll
0x00007ff9ae310000 - 0x00007ff9ae328000 	D:\android studio\jre\bin\zip.dll
0x00007ff9c4b10000 - 0x00007ff9c5252000 	C:\WINDOWS\System32\SHELL32.dll
0x00007ff9c0d20000 - 0x00007ff9c14b0000 	C:\WINDOWS\SYSTEM32\windows.storage.dll
0x00007ff9c3ca0000 - 0x00007ff9c3ff5000 	C:\WINDOWS\System32\combase.dll
0x00007ff9c2660000 - 0x00007ff9c268c000 	C:\WINDOWS\SYSTEM32\Wldp.dll
0x00007ff9c4970000 - 0x00007ff9c4a1e000 	C:\WINDOWS\System32\SHCORE.dll
0x00007ff9c3510000 - 0x00007ff9c3565000 	C:\WINDOWS\System32\shlwapi.dll
0x00007ff9c2b30000 - 0x00007ff9c2b4f000 	C:\WINDOWS\SYSTEM32\profapi.dll
0x00007ff9ae2f0000 - 0x00007ff9ae30a000 	D:\android studio\jre\bin\net.dll
0x00007ff9b32f0000 - 0x00007ff9b33fb000 	C:\WINDOWS\SYSTEM32\WINHTTP.dll
0x00007ff9c23d0000 - 0x00007ff9c243a000 	C:\WINDOWS\system32\mswsock.dll
0x00007ff9ae2d0000 - 0x00007ff9ae2e4000 	D:\android studio\jre\bin\nio.dll
0x00007ff9a5bc0000 - 0x00007ff9a5be7000 	C:\Users\DobriN\.gradle\native\f6784746aeab05261644944871eae4fe03e0ef1612fff0a4a95f87b438bc6780\windows-amd64\native-platform.dll
0x00007ff9ae270000 - 0x00007ff9ae27a000 	D:\android studio\jre\bin\management.dll
0x00007ff9ac3b0000 - 0x00007ff9ac3bc000 	D:\android studio\jre\bin\management_ext.dll
0x00007ff9c25b0000 - 0x00007ff9c25c8000 	C:\WINDOWS\SYSTEM32\CRYPTSP.dll
0x00007ff9c1d00000 - 0x00007ff9c1d34000 	C:\WINDOWS\system32\rsaenh.dll
0x00007ff9c2cd0000 - 0x00007ff9c2cf7000 	C:\WINDOWS\System32\bcrypt.dll
0x00007ff9c2af0000 - 0x00007ff9c2b1e000 	C:\WINDOWS\SYSTEM32\USERENV.dll
0x00007ff9c25a0000 - 0x00007ff9c25ac000 	C:\WINDOWS\SYSTEM32\CRYPTBASE.dll
0x00007ff9c2070000 - 0x00007ff9c20ab000 	C:\WINDOWS\SYSTEM32\IPHLPAPI.DLL
0x00007ff9c4b00000 - 0x00007ff9c4b08000 	C:\WINDOWS\System32\NSI.dll
0x00007ff9b9260000 - 0x00007ff9b9277000 	C:\WINDOWS\SYSTEM32\dhcpcsvc6.DLL
0x00007ff9ba490000 - 0x00007ff9ba4ad000 	C:\WINDOWS\SYSTEM32\dhcpcsvc.DLL
0x00007ff9c20c0000 - 0x00007ff9c218c000 	C:\WINDOWS\SYSTEM32\DNSAPI.dll
0x00007ff9bae10000 - 0x00007ff9bae1b000 	C:\WINDOWS\SYSTEM32\WINNSI.DLL

dbghelp: loaded successfully - version: 4.0.5 - missing functions: none
symbol engine: initialized successfully - sym options: 0x614 - pdb path: .;D:\android studio\jre\bin;C:\WINDOWS\SYSTEM32;C:\WINDOWS\WinSxS\amd64_microsoft.windows.common-controls_6595b64144ccf1df_6.0.19041.844_none_ca00b6081b84eb1d;D:\android studio\jre\bin\server;C:\Users\DobriN\.gradle\native\f6784746aeab05261644944871eae4fe03e0ef1612fff0a4a95f87b438bc6780\windows-amd64

VM Arguments:
jvm_args: --add-opens=java.base/java.util=ALL-UNNAMED --add-opens=java.base/java.lang=ALL-UNNAMED --add-opens=java.base/java.lang.invoke=ALL-UNNAMED --add-opens=java.prefs/java.util.prefs=ALL-UNNAMED -Xmx2048m -Dfile.encoding=UTF-8 -Duser.country=US -Duser.language=en -Duser.variant 
java_command: org.gradle.launcher.daemon.bootstrap.GradleDaemon 6.5
java_class_path (initial): C:\Users\DobriN\.gradle\wrapper\dists\gradle-6.5-bin\6nifqtx7604sqp1q6g8wikw7p\gradle-6.5\lib\gradle-launcher-6.5.jar
Launcher Type: SUN_STANDARD

[Global flags]
     intx CICompilerCount                          = 4                                         {product} {ergonomic}
     uint ConcGCThreads                            = 2                                         {product} {ergonomic}
     uint G1ConcRefinementThreads                  = 8                                         {product} {ergonomic}
   size_t G1HeapRegionSize                         = 1048576                                   {product} {ergonomic}
    uintx GCDrainStackTargetSize                   = 64                                        {product} {ergonomic}
   size_t InitialHeapSize                          = 134217728                                 {product} {ergonomic}
   size_t MarkStackSize                            = 4194304                                   {product} {ergonomic}
   size_t MaxHeapSize                              = 2147483648                                {product} {command line}
   size_t MaxNewSize                               = 1287651328                                {product} {ergonomic}
   size_t MinHeapDeltaBytes                        = 1048576                                   {product} {ergonomic}
    uintx NonNMethodCodeHeapSize                   = 5836300                                {pd product} {ergonomic}
    uintx NonProfiledCodeHeapSize                  = 122910970                              {pd product} {ergonomic}
    uintx ProfiledCodeHeapSize                     = 122910970                              {pd product} {ergonomic}
    uintx ReservedCodeCacheSize                    = 251658240                              {pd product} {ergonomic}
     bool SegmentedCodeCache                       = true                                      {product} {ergonomic}
     bool UseCompressedClassPointers               = true                                 {lp64_product} {ergonomic}
     bool UseCompressedOops                        = true                                 {lp64_product} {ergonomic}
     bool UseG1GC                                  = true                                      {product} {ergonomic}
     bool UseLargePagesIndividualAllocation        = false                                  {pd product} {ergonomic}

Logging:
Log output configuration:
 #0: stdout all=warning uptime,level,tags
 #1: stderr all=off uptime,level,tags

Environment Variables:
PATH=C:\Program Files (x86)\Common Files\Oracle\Java\javapath;C:\ProgramData\Oracle\Java\javapath;C:\Windows\system32;C:\Windows;C:\Windows\System32\Wbem;C:\Windows\System32\WindowsPowerShell\v1.0\;C:\Windows\System32\OpenSSH\;C:\Program Files\NVIDIA Corporation\NVIDIA NvDLISR;C:\Program Files (x86)\NVIDIA Corporation\PhysX\Common;C:\Program Files\Intel\WiFi\bin\;C:\Program Files\Common Files\Intel\WirelessCommon\;C:\Program Files\Microsoft SQL Server\130\Tools\Binn\;C:\Program Files\Microsoft SQL Server\Client SDK\ODBC\170\Tools\Binn\;C:\Program Files (x86)\VisioForge\VisioForge .Net SDKs Base Redist\;C:\Program Files\VisioForge\VisioForge .Net SDKs Base Redist x64\;C:\Program Files\dotnet\;C:\Program Files (x86)\dotnet\;C:\Program Files\Git\cmd;C:\WINDOWS\system32;C:\WINDOWS;C:\WINDOWS\System32\Wbem;C:\WINDOWS\System32\WindowsPowerShell\v1.0\;C:\WINDOWS\System32\OpenSSH\;D:\mathlab\runtime\win64;D:\mathlab\bin;C:\Windows\Microsoft.NET\Framework64\v4.0.30319;C:\Users\DobriN\.dotnet\tools;C:\Users\DobriN\AppData\Local\Programs\Microsoft VS Code\bin;C:\Users\DobriN\AppData\Local\Microsoft\WindowsApps;
USERNAME=DobriN
OS=Windows_NT
PROCESSOR_IDENTIFIER=Intel64 Family 6 Model 158 Stepping 9, GenuineIntel



---------------  S Y S T E M  ---------------

OS: Windows 10 , 64 bit Build 19041 (10.0.19041.928)
OS uptime: 1 days 13:47 hours

CPU:total 8 (initial active 8) (4 cores per cpu, 2 threads per core) family 6 model 158 stepping 9, cmov, cx8, fxsr, mmx, sse, sse2, sse3, ssse3, sse4.1, sse4.2, popcnt, avx, avx2, aes, clmul, erms, 3dnowpref, lzcnt, ht, tsc, tscinvbit, bmi1, bmi2, adx, fma

Memory: 4k page, system-wide physical 8075M (2246M free)
TotalPageFile size 12043M (AvailPageFile size 2753M)
current process WorkingSet (physical memory assigned to process): 327M, peak: 425M
current process commit charge ("private bytes"): 430M, peak: 465M

vm_info: OpenJDK 64-Bit Server VM (11.0.8+10-b944.6842174) for windows-amd64 JRE (11.0.8+10-b944.6842174), built on Sep 19 2020 01:11:42 by "builder" with MS VC++ 14.0 (VS2015)

END.
